<?xml version="1.0" encoding="utf-8"?><testsuites name="pytest tests"><testsuite name="pytest" errors="0" failures="0" skipped="0" tests="1043" time="13.380" timestamp="2026-07-04T22:56:46.557882+02:00" hostname="ThinkPad-T14-G2"><testcase classname="tests.unittests.test_admin.AdminTestCase" name="test_create_global_user" time="0.016" /><testcase classname="tests.unittests.test_admin.AdminTestCase" name="test_create_global_users_creation_not_possible" time="0.006" /><testcase classname="tests.unittests.test_admin.AdminTestCase" name="test_create_global_users_no_org_id" time="0.004" /><testcase classname="tests.unittests.test_admin.AdminTestCase" name="test_create_global_users_no_user_object" time="0.004" /><testcase classname="tests.unittests.test_admin.AdminTestCase" name="test_delete_global_user" time="0.004" /><testcase classname="tests.unittests.test_admin.AdminTestCase" name="test_delete_global_user_delete_not_possible" time="0.004" /><testcase classname="tests.unittests.test_admin.AdminTestCase" name="test_delete_global_user_no_id" time="0.004" /><testcase classname="tests.unittests.test_admin.AdminTestCase" name="test_get_preview_report" time="0.004" /><testcase classname="tests.unittests.test_admin.AdminTestCase" name="test_get_preview_report_no_report_available" time="0.004" /><testcase classname="tests.unittests.test_admin.AdminTestCase" name="test_get_settings" time="0.004" /><testcase classname="tests.unittests.test_admin.AdminTestCase" name="test_get_settings_no_settings_available" time="0.004" /><testcase classname="tests.unittests.test_admin.AdminTestCase" name="test_get_stats" time="0.004" /><testcase classname="tests.unittests.test_admin.AdminTestCase" name="test_get_stats_no_stats_available" time="0.004" /><testcase classname="tests.unittests.test_admin.AdminTestCase" name="test_get_user_auth_token" time="0.004" /><testcase classname="tests.unittests.test_admin.AdminTestCase" name="test_get_user_auth_token_user_no_id" time="0.004" /><testcase classname="tests.unittests.test_admin.AdminTestCase" name="test_get_user_auth_token_user_token_not_available" time="0.005" /><testcase classname="tests.unittests.test_admin.AdminTestCase" name="test_logout_user" time="0.004" /><testcase classname="tests.unittests.test_admin.AdminTestCase" name="test_logout_user_logout_not_possible" time="0.005" /><testcase classname="tests.unittests.test_admin.AdminTestCase" name="test_logout_user_no_id" time="0.003" /><testcase classname="tests.unittests.test_admin.AdminTestCase" name="test_pause_all_alerts" time="0.004" /><testcase classname="tests.unittests.test_admin.AdminTestCase" name="test_pause_all_alerts_pause_not_possible" time="0.003" /><testcase classname="tests.unittests.test_admin.AdminTestCase" name="test_reload_access_controls_provisioning_configuration" time="0.003" /><testcase classname="tests.unittests.test_admin.AdminTestCase" name="test_reload_access_controls_provisioning_configuration_reload_not_possible" time="0.003" /><testcase classname="tests.unittests.test_admin.AdminTestCase" name="test_reload_dashboards_provisioning_configuration" time="0.004" /><testcase classname="tests.unittests.test_admin.AdminTestCase" name="test_reload_dashboards_provisioning_configuration_reload_not_possible" time="0.004" /><testcase classname="tests.unittests.test_admin.AdminTestCase" name="test_reload_datasources_provisioning_configuration" time="0.004" /><testcase classname="tests.unittests.test_admin.AdminTestCase" name="test_reload_datasources_provisioning_configuration_reload_not_possible" time="0.004" /><testcase classname="tests.unittests.test_admin.AdminTestCase" name="test_reload_ldap_configuration" time="0.004" /><testcase classname="tests.unittests.test_admin.AdminTestCase" name="test_reload_ldap_configuration_reload_not_possible" time="0.004" /><testcase classname="tests.unittests.test_admin.AdminTestCase" name="test_reload_notifications_provisioning_configuration" time="0.003" /><testcase classname="tests.unittests.test_admin.AdminTestCase" name="test_reload_notifications_provisioning_configuration_reload_not_possible" time="0.003" /><testcase classname="tests.unittests.test_admin.AdminTestCase" name="test_reload_plugins_provisioning_configuration" time="0.004" /><testcase classname="tests.unittests.test_admin.AdminTestCase" name="test_reload_plugins_provisioning_configuration_reload_not_possible" time="0.004" /><testcase classname="tests.unittests.test_admin.AdminTestCase" name="test_revoke_user_auth_token" time="0.003" /><testcase classname="tests.unittests.test_admin.AdminTestCase" name="test_revoke_user_auth_token_revoke_not_possible" time="0.004" /><testcase classname="tests.unittests.test_admin.AdminTestCase" name="test_revoke_user_auth_token_user_no_id" time="0.003" /><testcase classname="tests.unittests.test_admin.AdminTestCase" name="test_rotate_data_encryption_keys" time="0.003" /><testcase classname="tests.unittests.test_admin.AdminTestCase" name="test_rotate_data_encryption_keys_rotate_not_possible" time="0.004" /><testcase classname="tests.unittests.test_admin.AdminTestCase" name="test_unpause_all_alerts" time="0.004" /><testcase classname="tests.unittests.test_admin.AdminTestCase" name="test_unpause_all_alerts_unpause_not_possible" time="0.003" /><testcase classname="tests.unittests.test_admin.AdminTestCase" name="test_update_settings" time="0.005" /><testcase classname="tests.unittests.test_admin.AdminTestCase" name="test_update_settings_no_update_object" time="0.004" /><testcase classname="tests.unittests.test_admin.AdminTestCase" name="test_update_settings_removals_object" time="0.004" /><testcase classname="tests.unittests.test_admin.AdminTestCase" name="test_update_settings_update_not_possible" time="0.004" /><testcase classname="tests.unittests.test_admin.AdminTestCase" name="test_update_settings_update_object" time="0.004" /><testcase classname="tests.unittests.test_admin.AdminTestCase" name="test_update_user_password" time="0.004" /><testcase classname="tests.unittests.test_admin.AdminTestCase" name="test_update_user_password_no_id" time="0.004" /><testcase classname="tests.unittests.test_admin.AdminTestCase" name="test_update_user_password_update_not_possible" time="0.004" /><testcase classname="tests.unittests.test_admin.AdminTestCase" name="test_update_user_permissions" time="0.004" /><testcase classname="tests.unittests.test_admin.AdminTestCase" name="test_update_user_permissions_no_id" time="0.003" /><testcase classname="tests.unittests.test_admin.AdminTestCase" name="test_update_user_permissions_update_not_possible" time="0.003" /><testcase classname="tests.unittests.test_alerting.AlertingTestCase" name="test_create_or_update_alertmanager_alerts" time="0.003" /><testcase classname="tests.unittests.test_alerting.AlertingTestCase" name="test_create_or_update_alertmanager_alerts_no_alerts_created" time="0.004" /><testcase classname="tests.unittests.test_alerting.AlertingTestCase" name="test_create_or_update_alertmanager_alerts_no_recipient" time="0.003" /><testcase classname="tests.unittests.test_alerting.AlertingTestCase" name="test_create_or_update_alertmanager_config" time="0.003" /><testcase classname="tests.unittests.test_alerting.AlertingTestCase" name="test_create_or_update_alertmanager_config_creation_not_possible" time="0.004" /><testcase classname="tests.unittests.test_alerting.AlertingTestCase" name="test_create_or_update_alertmanager_config_no_recipient" time="0.003" /><testcase classname="tests.unittests.test_alerting.AlertingTestCase" name="test_create_or_update_alertmanager_config_policy_update_rejected" time="0.004" /><testcase classname="tests.unittests.test_alerting.AlertingTestCase" name="test_create_or_update_alertmanager_config_server_error" time="0.004" /><testcase classname="tests.unittests.test_alerting.AlertingTestCase" name="test_create_or_update_alertmanager_config_success" time="0.003" /><testcase classname="tests.unittests.test_alerting.AlertingTestCase" name="test_create_or_update_alertmanager_silence" time="0.004" /><testcase classname="tests.unittests.test_alerting.AlertingTestCase" name="test_create_or_update_alertmanager_silence_no_silence_created" time="0.003" /><testcase classname="tests.unittests.test_alerting.AlertingTestCase" name="test_create_or_update_alertmanager_silence_return_silence_id" time="0.002" /><testcase classname="tests.unittests.test_alerting.AlertingTestCase" name="test_create_or_update_alertmanager_silences_no_recipient" time="0.003" /><testcase classname="tests.unittests.test_alerting.AlertingTestCase" name="test_create_or_update_ngalert_organization_configuration" time="0.004" /><testcase classname="tests.unittests.test_alerting.AlertingTestCase" name="test_create_or_update_ngalert_organization_configuration_no_alert_managers" time="0.003" /><testcase classname="tests.unittests.test_alerting.AlertingTestCase" name="test_create_or_update_ngalert_organization_configuration_no_configuration_available" time="0.004" /><testcase classname="tests.unittests.test_alerting.AlertingTestCase" name="test_create_or_update_ruler_group_by_namespace" time="0.003" /><testcase classname="tests.unittests.test_alerting.AlertingTestCase" name="test_create_or_update_ruler_group_by_namespace_creation_not_possible" time="0.005" /><testcase classname="tests.unittests.test_alerting.AlertingTestCase" name="test_create_or_update_ruler_group_by_namespace_no_recipient" time="0.002" /><testcase classname="tests.unittests.test_alerting.AlertingTestCase" name="test_delete_alertmanager_config" time="0.003" /><testcase classname="tests.unittests.test_alerting.AlertingTestCase" name="test_delete_alertmanager_config_deletion_not_possible" time="0.004" /><testcase classname="tests.unittests.test_alerting.AlertingTestCase" name="test_delete_alertmanager_config_no_recipient" time="0.003" /><testcase classname="tests.unittests.test_alerting.AlertingTestCase" name="test_delete_alertmanager_config_provisioned_client_error" time="0.004" /><testcase classname="tests.unittests.test_alerting.AlertingTestCase" name="test_delete_alertmanager_config_server_error" time="0.005" /><testcase classname="tests.unittests.test_alerting.AlertingTestCase" name="test_delete_alertmanager_silence_by_id" time="0.004" /><testcase classname="tests.unittests.test_alerting.AlertingTestCase" name="test_delete_alertmanager_silence_by_id_no_recipient" time="0.002" /><testcase classname="tests.unittests.test_alerting.AlertingTestCase" name="test_delete_alertmanager_silence_by_id_no_silence_available" time="0.003" /><testcase classname="tests.unittests.test_alerting.AlertingTestCase" name="test_delete_ngalert_organization_configuration" time="0.003" /><testcase classname="tests.unittests.test_alerting.AlertingTestCase" name="test_delete_ngalert_organization_configuration_deletion_not_possible" time="0.003" /><testcase classname="tests.unittests.test_alerting.AlertingTestCase" name="test_delete_ruler_group" time="0.002" /><testcase classname="tests.unittests.test_alerting.AlertingTestCase" name="test_delete_ruler_group_deletion_not_possible" time="0.003" /><testcase classname="tests.unittests.test_alerting.AlertingTestCase" name="test_delete_ruler_group_no_recipient" time="0.002" /><testcase classname="tests.unittests.test_alerting.AlertingTestCase" name="test_delete_ruler_namespace" time="0.003" /><testcase classname="tests.unittests.test_alerting.AlertingTestCase" name="test_delete_ruler_namespace_deletion_not_possible" time="0.003" /><testcase classname="tests.unittests.test_alerting.AlertingTestCase" name="test_delete_ruler_namespace_no_recipient" time="0.003" /><testcase classname="tests.unittests.test_alerting.AlertingTestCase" name="test_get_alertmanager_alerts" time="0.003" /><testcase classname="tests.unittests.test_alerting.AlertingTestCase" name="test_get_alertmanager_alerts_no_alerts_available" time="0.004" /><testcase classname="tests.unittests.test_alerting.AlertingTestCase" name="test_get_alertmanager_alerts_no_recipient" time="0.002" /><testcase classname="tests.unittests.test_alerting.AlertingTestCase" name="test_get_alertmanager_config" time="0.003" /><testcase classname="tests.unittests.test_alerting.AlertingTestCase" name="test_get_alertmanager_config_no_config" time="0.004" /><testcase classname="tests.unittests.test_alerting.AlertingTestCase" name="test_get_alertmanager_config_no_recipient" time="0.002" /><testcase classname="tests.unittests.test_alerting.AlertingTestCase" name="test_get_alertmanager_group_alerts" time="0.003" /><testcase classname="tests.unittests.test_alerting.AlertingTestCase" name="test_get_alertmanager_group_alerts_no_group_alerts" time="0.005" /><testcase classname="tests.unittests.test_alerting.AlertingTestCase" name="test_get_alertmanager_group_alerts_no_recipient" time="0.003" /><testcase classname="tests.unittests.test_alerting.AlertingTestCase" name="test_get_alertmanager_silence_by_id" time="0.004" /><testcase classname="tests.unittests.test_alerting.AlertingTestCase" name="test_get_alertmanager_silence_by_id_no_recipient" time="0.004" /><testcase classname="tests.unittests.test_alerting.AlertingTestCase" name="test_get_alertmanager_silence_by_id_no_silence_available" time="0.004" /><testcase classname="tests.unittests.test_alerting.AlertingTestCase" name="test_get_alertmanager_silences" time="0.004" /><testcase classname="tests.unittests.test_alerting.AlertingTestCase" name="test_get_alertmanager_silences_no_recipient" time="0.003" /><testcase classname="tests.unittests.test_alerting.AlertingTestCase" name="test_get_alertmanager_silences_no_silence_available" time="0.004" /><testcase classname="tests.unittests.test_alerting.AlertingTestCase" name="test_get_alertmanager_status" time="0.005" /><testcase classname="tests.unittests.test_alerting.AlertingTestCase" name="test_get_alertmanager_status_no_recipient" time="0.003" /><testcase classname="tests.unittests.test_alerting.AlertingTestCase" name="test_get_alertmanager_status_no_status" time="0.003" /><testcase classname="tests.unittests.test_alerting.AlertingTestCase" name="test_get_ngalert_alertmanagers_by_organization" time="0.004" /><testcase classname="tests.unittests.test_alerting.AlertingTestCase" name="test_get_ngalert_alertmanagers_by_organization_no_configuration_available" time="0.004" /><testcase classname="tests.unittests.test_alerting.AlertingTestCase" name="test_get_ngalert_organization_configuration" time="0.003" /><testcase classname="tests.unittests.test_alerting.AlertingTestCase" name="test_get_ngalert_organization_configuration_general_exception" time="0.004" /><testcase classname="tests.unittests.test_alerting.AlertingTestCase" name="test_get_ngalert_organization_configuration_no_configuration_available" time="0.003" /><testcase classname="tests.unittests.test_alerting.AlertingTestCase" name="test_get_prometheus_alerts" time="0.004" /><testcase classname="tests.unittests.test_alerting.AlertingTestCase" name="test_get_prometheus_alerts_no_alerts_available" time="0.003" /><testcase classname="tests.unittests.test_alerting.AlertingTestCase" name="test_get_prometheus_alerts_no_recipient" time="0.003" /><testcase classname="tests.unittests.test_alerting.AlertingTestCase" name="test_get_prometheus_rules" time="0.004" /><testcase classname="tests.unittests.test_alerting.AlertingTestCase" name="test_get_prometheus_rules_no_recipient" time="0.003" /><testcase classname="tests.unittests.test_alerting.AlertingTestCase" name="test_get_prometheus_rules_no_rules_available" time="0.004" /><testcase classname="tests.unittests.test_alerting.AlertingTestCase" name="test_get_ruler_group" time="0.004" /><testcase classname="tests.unittests.test_alerting.AlertingTestCase" name="test_get_ruler_group_no_recipient" time="0.002" /><testcase classname="tests.unittests.test_alerting.AlertingTestCase" name="test_get_ruler_group_no_ruler_group_available" time="0.003" /><testcase classname="tests.unittests.test_alerting.AlertingTestCase" name="test_get_ruler_groups_by_namespace" time="0.003" /><testcase classname="tests.unittests.test_alerting.AlertingTestCase" name="test_get_ruler_groups_by_namespace_no_groups_available" time="0.003" /><testcase classname="tests.unittests.test_alerting.AlertingTestCase" name="test_get_ruler_groups_by_namespace_no_recipient" time="0.002" /><testcase classname="tests.unittests.test_alerting.AlertingTestCase" name="test_get_ruler_rules" time="0.003" /><testcase classname="tests.unittests.test_alerting.AlertingTestCase" name="test_get_ruler_rules_no_recipient" time="0.002" /><testcase classname="tests.unittests.test_alerting.AlertingTestCase" name="test_get_ruler_rules_no_rules_available" time="0.004" /><testcase classname="tests.unittests.test_alerting.AlertingTestCase" name="test_test_alertmanager_receivers" time="0.004" /><testcase classname="tests.unittests.test_alerting.AlertingTestCase" name="test_test_alertmanager_receivers_no_recipient" time="0.003" /><testcase classname="tests.unittests.test_alerting.AlertingTestCase" name="test_test_alertmanager_receivers_test_not_found" time="0.004" /><testcase classname="tests.unittests.test_alerting.AlertingTestCase" name="test_test_alertmanager_receivers_test_not_possible" time="0.004" /><testcase classname="tests.unittests.test_alerting.AlertingTestCase" name="test_test_alertmanager_receivers_unexpected_4xx_warning" time="0.004" /><testcase classname="tests.unittests.test_alerting.AlertingTestCase" name="test_test_backtest_rule" time="0.004" /><testcase classname="tests.unittests.test_alerting.AlertingTestCase" name="test_test_backtest_rule_no_condition" time="0.003" /><testcase classname="tests.unittests.test_alerting.AlertingTestCase" name="test_test_backtest_rule_no_fields" time="0.003" /><testcase classname="tests.unittests.test_alerting.AlertingTestCase" name="test_test_datasource_uid_rule" time="0.004" /><testcase classname="tests.unittests.test_alerting.AlertingTestCase" name="test_test_datasource_uid_rule_no_datasource_uid" time="0.003" /><testcase classname="tests.unittests.test_alerting.AlertingTestCase" name="test_test_datasource_uid_rule_test_not_possible" time="0.004" /><testcase classname="tests.unittests.test_alerting.AlertingTestCase" name="test_test_rule" time="0.003" /><testcase classname="tests.unittests.test_alerting.AlertingTestCase" name="test_test_rule_no_data_query" time="0.004" /><testcase classname="tests.unittests.test_alerting.AlertingTestCase" name="test_test_rule_test_not_possible" time="0.042" /><testcase classname="tests.unittests.test_alerting_notifications.AlertingNotificationsTestCase" name="test_create_notification_channel" time="0.003" /><testcase classname="tests.unittests.test_alerting_notifications.AlertingNotificationsTestCase" name="test_create_notification_channel_no_notification_channel" time="0.003" /><testcase classname="tests.unittests.test_alerting_notifications.AlertingNotificationsTestCase" name="test_create_notification_channel_no_notification_channel_available" time="0.003" /><testcase classname="tests.unittests.test_alerting_notifications.AlertingNotificationsTestCase" name="test_delete_notification_channel_by_id" time="0.003" /><testcase classname="tests.unittests.test_alerting_notifications.AlertingNotificationsTestCase" name="test_delete_notification_channel_by_id_no_id" time="0.003" /><testcase classname="tests.unittests.test_alerting_notifications.AlertingNotificationsTestCase" name="test_delete_notification_channel_by_id_no_notification_channel_available" time="0.004" /><testcase classname="tests.unittests.test_alerting_notifications.AlertingNotificationsTestCase" name="test_delete_notification_channel_by_uid" time="0.004" /><testcase classname="tests.unittests.test_alerting_notifications.AlertingNotificationsTestCase" name="test_delete_notification_channel_by_uid_no_notification_channel_available" time="0.004" /><testcase classname="tests.unittests.test_alerting_notifications.AlertingNotificationsTestCase" name="test_delete_notification_channel_by_uid_no_uid" time="0.003" /><testcase classname="tests.unittests.test_alerting_notifications.AlertingNotificationsTestCase" name="test_get_all_notification_channels" time="0.003" /><testcase classname="tests.unittests.test_alerting_notifications.AlertingNotificationsTestCase" name="test_get_all_notification_channels_lookup" time="0.004" /><testcase classname="tests.unittests.test_alerting_notifications.AlertingNotificationsTestCase" name="test_get_all_notification_channels_lookup_no_notification_channels_available" time="0.003" /><testcase classname="tests.unittests.test_alerting_notifications.AlertingNotificationsTestCase" name="test_get_all_notification_channels_no_notification_channels_available" time="0.004" /><testcase classname="tests.unittests.test_alerting_notifications.AlertingNotificationsTestCase" name="test_get_notification_channel_by_id" time="0.004" /><testcase classname="tests.unittests.test_alerting_notifications.AlertingNotificationsTestCase" name="test_get_notification_channel_by_id_no_id" time="0.003" /><testcase classname="tests.unittests.test_alerting_notifications.AlertingNotificationsTestCase" name="test_get_notification_channel_by_id_no_notification_channel_available" time="0.004" /><testcase classname="tests.unittests.test_alerting_notifications.AlertingNotificationsTestCase" name="test_get_notification_channel_by_uid" time="0.003" /><testcase classname="tests.unittests.test_alerting_notifications.AlertingNotificationsTestCase" name="test_get_notification_channel_by_uid_no_notification_channel_available" time="0.003" /><testcase classname="tests.unittests.test_alerting_notifications.AlertingNotificationsTestCase" name="test_get_notification_channel_by_uid_no_uid" time="0.002" /><testcase classname="tests.unittests.test_alerting_notifications.AlertingNotificationsTestCase" name="test_test_notification_channel" time="0.003" /><testcase classname="tests.unittests.test_alerting_notifications.AlertingNotificationsTestCase" name="test_test_notification_channel_no_notification_channel" time="0.002" /><testcase classname="tests.unittests.test_alerting_notifications.AlertingNotificationsTestCase" name="test_test_notification_channel_no_notification_channel_available" time="0.003" /><testcase classname="tests.unittests.test_alerting_notifications.AlertingNotificationsTestCase" name="test_update_notification_channel_by_id" time="0.003" /><testcase classname="tests.unittests.test_alerting_notifications.AlertingNotificationsTestCase" name="test_update_notification_channel_by_id_no_id" time="0.003" /><testcase classname="tests.unittests.test_alerting_notifications.AlertingNotificationsTestCase" name="test_update_notification_channel_by_id_no_notification_channel_available" time="0.003" /><testcase classname="tests.unittests.test_alerting_notifications.AlertingNotificationsTestCase" name="test_update_notification_channel_by_uid" time="0.003" /><testcase classname="tests.unittests.test_alerting_notifications.AlertingNotificationsTestCase" name="test_update_notification_channel_by_uid_no_notification_channel_available" time="0.003" /><testcase classname="tests.unittests.test_alerting_notifications.AlertingNotificationsTestCase" name="test_update_notification_channel_by_uid_no_uid" time="0.002" /><testcase classname="tests.unittests.test_alerting_provisioning.AlertingProvisioningTestCase" name="test_add_alert_rule" time="0.004" /><testcase classname="tests.unittests.test_alerting_provisioning.AlertingProvisioningTestCase" name="test_add_alert_rule_no_alert_rule" time="0.003" /><testcase classname="tests.unittests.test_alerting_provisioning.AlertingProvisioningTestCase" name="test_add_alert_rule_not_possible" time="0.004" /><testcase classname="tests.unittests.test_alerting_provisioning.AlertingProvisioningTestCase" name="test_add_contact_point" time="0.005" /><testcase classname="tests.unittests.test_alerting_provisioning.AlertingProvisioningTestCase" name="test_add_contact_point_no_embedded_contact_point" time="0.003" /><testcase classname="tests.unittests.test_alerting_provisioning.AlertingProvisioningTestCase" name="test_add_contact_point_not_possible" time="0.003" /><testcase classname="tests.unittests.test_alerting_provisioning.AlertingProvisioningTestCase" name="test_add_mute_timing" time="0.003" /><testcase classname="tests.unittests.test_alerting_provisioning.AlertingProvisioningTestCase" name="test_add_mute_timing_no_mute_time_interval" time="0.003" /><testcase classname="tests.unittests.test_alerting_provisioning.AlertingProvisioningTestCase" name="test_add_mute_timing_not_possible" time="0.004" /><testcase classname="tests.unittests.test_alerting_provisioning.AlertingProvisioningTestCase" name="test_add_notification_policies" time="0.005" /><testcase classname="tests.unittests.test_alerting_provisioning.AlertingProvisioningTestCase" name="test_add_notification_policies_no_rule" time="0.003" /><testcase classname="tests.unittests.test_alerting_provisioning.AlertingProvisioningTestCase" name="test_add_notification_policies_not_possible" time="0.004" /><testcase classname="tests.unittests.test_alerting_provisioning.AlertingProvisioningTestCase" name="test_create_or_update_message_template" time="0.003" /><testcase classname="tests.unittests.test_alerting_provisioning.AlertingProvisioningTestCase" name="test_create_or_update_message_template_no_name" time="0.002" /><testcase classname="tests.unittests.test_alerting_provisioning.AlertingProvisioningTestCase" name="test_create_or_update_message_template_not_possible" time="0.003" /><testcase classname="tests.unittests.test_alerting_provisioning.AlertingProvisioningTestCase" name="test_create_time_range_list" time="0.002" /><testcase classname="tests.unittests.test_alerting_provisioning.AlertingProvisioningTestCase" name="test_delete_alert_rule" time="0.003" /><testcase classname="tests.unittests.test_alerting_provisioning.AlertingProvisioningTestCase" name="test_delete_alert_rule_no_uid" time="0.003" /><testcase classname="tests.unittests.test_alerting_provisioning.AlertingProvisioningTestCase" name="test_delete_alert_rule_not_possible" time="0.005" /><testcase classname="tests.unittests.test_alerting_provisioning.AlertingProvisioningTestCase" name="test_delete_contact_point" time="0.003" /><testcase classname="tests.unittests.test_alerting_provisioning.AlertingProvisioningTestCase" name="test_delete_contact_point_no_uid" time="0.003" /><testcase classname="tests.unittests.test_alerting_provisioning.AlertingProvisioningTestCase" name="test_delete_contact_point_not_possible" time="0.003" /><testcase classname="tests.unittests.test_alerting_provisioning.AlertingProvisioningTestCase" name="test_delete_message_template" time="0.003" /><testcase classname="tests.unittests.test_alerting_provisioning.AlertingProvisioningTestCase" name="test_delete_message_template_no_name" time="0.002" /><testcase classname="tests.unittests.test_alerting_provisioning.AlertingProvisioningTestCase" name="test_delete_message_template_not_possible" time="0.004" /><testcase classname="tests.unittests.test_alerting_provisioning.AlertingProvisioningTestCase" name="test_delete_mute_timing" time="0.003" /><testcase classname="tests.unittests.test_alerting_provisioning.AlertingProvisioningTestCase" name="test_delete_mute_timing_no_name" time="0.003" /><testcase classname="tests.unittests.test_alerting_provisioning.AlertingProvisioningTestCase" name="test_delete_mute_timing_not_possible" time="0.003" /><testcase classname="tests.unittests.test_alerting_provisioning.AlertingProvisioningTestCase" name="test_get_alert_rule" time="0.003" /><testcase classname="tests.unittests.test_alerting_provisioning.AlertingProvisioningTestCase" name="test_get_alert_rule_no_uid" time="0.003" /><testcase classname="tests.unittests.test_alerting_provisioning.AlertingProvisioningTestCase" name="test_get_alert_rule_not_possible" time="0.004" /><testcase classname="tests.unittests.test_alerting_provisioning.AlertingProvisioningTestCase" name="test_get_all_contact_points" time="0.003" /><testcase classname="tests.unittests.test_alerting_provisioning.AlertingProvisioningTestCase" name="test_get_all_contact_points_not_possible" time="0.004" /><testcase classname="tests.unittests.test_alerting_provisioning.AlertingProvisioningTestCase" name="test_get_all_message_templates" time="0.004" /><testcase classname="tests.unittests.test_alerting_provisioning.AlertingProvisioningTestCase" name="test_get_all_message_templates_not_possible" time="0.004" /><testcase classname="tests.unittests.test_alerting_provisioning.AlertingProvisioningTestCase" name="test_get_all_mute_timings" time="0.004" /><testcase classname="tests.unittests.test_alerting_provisioning.AlertingProvisioningTestCase" name="test_get_all_mute_timings_not_possible" time="0.004" /><testcase classname="tests.unittests.test_alerting_provisioning.AlertingProvisioningTestCase" name="test_get_message_template" time="0.004" /><testcase classname="tests.unittests.test_alerting_provisioning.AlertingProvisioningTestCase" name="test_get_message_template_no_name" time="0.003" /><testcase classname="tests.unittests.test_alerting_provisioning.AlertingProvisioningTestCase" name="test_get_message_template_not_possible" time="0.003" /><testcase classname="tests.unittests.test_alerting_provisioning.AlertingProvisioningTestCase" name="test_get_mute_timing" time="0.004" /><testcase classname="tests.unittests.test_alerting_provisioning.AlertingProvisioningTestCase" name="test_get_mute_timing_no_name" time="0.002" /><testcase classname="tests.unittests.test_alerting_provisioning.AlertingProvisioningTestCase" name="test_get_mute_timing_not_possible" time="0.003" /><testcase classname="tests.unittests.test_alerting_provisioning.AlertingProvisioningTestCase" name="test_get_notification_policies" time="0.003" /><testcase classname="tests.unittests.test_alerting_provisioning.AlertingProvisioningTestCase" name="test_get_notification_policies_not_possible" time="0.004" /><testcase classname="tests.unittests.test_alerting_provisioning.AlertingProvisioningTestCase" name="test_update_alert_rule" time="0.004" /><testcase classname="tests.unittests.test_alerting_provisioning.AlertingProvisioningTestCase" name="test_update_alert_rule_no_alert_rule" time="0.003" /><testcase classname="tests.unittests.test_alerting_provisioning.AlertingProvisioningTestCase" name="test_update_alert_rule_not_possible" time="0.004" /><testcase classname="tests.unittests.test_alerting_provisioning.AlertingProvisioningTestCase" name="test_update_contact_point" time="0.004" /><testcase classname="tests.unittests.test_alerting_provisioning.AlertingProvisioningTestCase" name="test_update_contact_point_no_embedded_contact_point" time="0.003" /><testcase classname="tests.unittests.test_alerting_provisioning.AlertingProvisioningTestCase" name="test_update_contact_point_not_possible" time="0.003" /><testcase classname="tests.unittests.test_alerting_provisioning.AlertingProvisioningTestCase" name="test_update_mute_timing" time="0.004" /><testcase classname="tests.unittests.test_alerting_provisioning.AlertingProvisioningTestCase" name="test_update_mute_timing_no_name" time="0.002" /><testcase classname="tests.unittests.test_alerting_provisioning.AlertingProvisioningTestCase" name="test_update_mute_timing_not_possible" time="0.003" /><testcase classname="tests.unittests.test_alerting_provisioning.AlertingProvisioningTestCase" name="test_update_the_interval_of_a_alert_rule_group" time="0.003" /><testcase classname="tests.unittests.test_alerting_provisioning.AlertingProvisioningTestCase" name="test_update_the_interval_of_a_alert_rule_group_no_folder_uid" time="0.003" /><testcase classname="tests.unittests.test_alerting_provisioning.AlertingProvisioningTestCase" name="test_update_the_interval_of_a_alert_rule_group_not_possible" time="0.004" /><testcase classname="tests.unittests.test_annotations.AnnotationsTestCase" name="test_create_annotation" time="0.003" /><testcase classname="tests.unittests.test_annotations.AnnotationsTestCase" name="test_create_annotation_no_annotation_object" time="0.004" /><testcase classname="tests.unittests.test_annotations.AnnotationsTestCase" name="test_create_annotation_no_valid_result" time="0.004" /><testcase classname="tests.unittests.test_annotations.AnnotationsTestCase" name="test_create_graphite_annotation" time="0.003" /><testcase classname="tests.unittests.test_annotations.AnnotationsTestCase" name="test_create_graphite_annotation_no_annotation_object" time="0.004" /><testcase classname="tests.unittests.test_annotations.AnnotationsTestCase" name="test_create_graphite_annotation_no_valid_result" time="0.003" /><testcase classname="tests.unittests.test_annotations.AnnotationsTestCase" name="test_delete_annotation" time="0.003" /><testcase classname="tests.unittests.test_annotations.AnnotationsTestCase" name="test_delete_annotation_no_annotation_object" time="0.003" /><testcase classname="tests.unittests.test_annotations.AnnotationsTestCase" name="test_delete_annotation_no_valid_result" time="0.003" /><testcase classname="tests.unittests.test_annotations.AnnotationsTestCase" name="test_find_annotation_tags" time="0.003" /><testcase classname="tests.unittests.test_annotations.AnnotationsTestCase" name="test_find_annotation_tags_no_valid_result" time="0.003" /><testcase classname="tests.unittests.test_annotations.AnnotationsTestCase" name="test_find_annotation_tags_only_limit" time="0.003" /><testcase classname="tests.unittests.test_annotations.AnnotationsTestCase" name="test_find_annotation_tags_only_tag" time="0.003" /><testcase classname="tests.unittests.test_annotations.AnnotationsTestCase" name="test_find_annotations" time="0.003" /><testcase classname="tests.unittests.test_annotations.AnnotationsTestCase" name="test_find_annotations_filter_object" time="0.004" /><testcase classname="tests.unittests.test_annotations.AnnotationsTestCase" name="test_find_annotations_no_valid_filter_object" time="0.003" /><testcase classname="tests.unittests.test_annotations.AnnotationsTestCase" name="test_find_annotations_no_valid_result" time="0.005" /><testcase classname="tests.unittests.test_annotations.AnnotationsTestCase" name="test_update_annotation" time="0.004" /><testcase classname="tests.unittests.test_annotations.AnnotationsTestCase" name="test_update_annotation_no_annotation_object" time="0.003" /><testcase classname="tests.unittests.test_annotations.AnnotationsTestCase" name="test_update_annotation_no_valid_result" time="0.004" /><testcase classname="tests.unittests.test_api.ApiTestCase" name="test_call_the_api_basic_auth" time="0.007" /><testcase classname="tests.unittests.test_api.ApiTestCase" name="test_call_the_api_delete_not_valid" time="0.013" /><testcase classname="tests.unittests.test_api.ApiTestCase" name="test_call_the_api_delete_valid" time="0.005" /><testcase classname="tests.unittests.test_api.ApiTestCase" name="test_call_the_api_disable_provenance" time="0.004" /><testcase classname="tests.unittests.test_api.ApiTestCase" name="test_call_the_api_get_not_valid" time="0.003" /><testcase classname="tests.unittests.test_api.ApiTestCase" name="test_call_the_api_get_valid" time="0.004" /><testcase classname="tests.unittests.test_api.ApiTestCase" name="test_call_the_api_non_method" time="0.003" /><testcase classname="tests.unittests.test_api.ApiTestCase" name="test_call_the_api_non_valid_method" time="0.005" /><testcase classname="tests.unittests.test_api.ApiTestCase" name="test_call_the_api_org_id" time="0.004" /><testcase classname="tests.unittests.test_api.ApiTestCase" name="test_call_the_api_patch_no_data" time="0.003" /><testcase classname="tests.unittests.test_api.ApiTestCase" name="test_call_the_api_patch_not_valid" time="0.005" /><testcase classname="tests.unittests.test_api.ApiTestCase" name="test_call_the_api_patch_valid" time="0.005" /><testcase classname="tests.unittests.test_api.ApiTestCase" name="test_call_the_api_post_no_data" time="0.004" /><testcase classname="tests.unittests.test_api.ApiTestCase" name="test_call_the_api_post_not_valid" time="0.004" /><testcase classname="tests.unittests.test_api.ApiTestCase" name="test_call_the_api_post_valid" time="0.006" /><testcase classname="tests.unittests.test_api.ApiTestCase" name="test_call_the_api_put_not_valid" time="0.004" /><testcase classname="tests.unittests.test_api.ApiTestCase" name="test_call_the_api_put_valid" time="0.006" /><testcase classname="tests.unittests.test_api.ApiTestCase" name="test_call_the_api_with_proxy_headers" time="0.004" /><testcase classname="tests.unittests.test_api.ApiTestCase" name="test_check_if_valid_json_null" time="0.002" /><testcase classname="tests.unittests.test_api.ApiTestCase" name="test_check_the_api_call_response" time="0.002" /><testcase classname="tests.unittests.test_api.ApiTestCase" name="test_check_the_api_call_response_exception" time="0.002" /><testcase classname="tests.unittests.test_api.ApiTestCase" name="test_check_the_api_call_response_no_error_message" time="0.002" /><testcase classname="tests.unittests.test_api.ApiTestCase" name="test_check_the_api_call_response_no_json_response_value" time="0.002" /><testcase classname="tests.unittests.test_api.ApiTestCase" name="test_check_the_api_call_response_no_valid_json_status_code_result" time="0.003" /><testcase classname="tests.unittests.test_api.ApiTestCase" name="test_check_the_api_call_response_return_status_code_dict" time="0.002" /><testcase classname="tests.unittests.test_api.ApiTestCase" name="test_check_the_api_call_response_return_status_code_list" time="0.002" /><testcase classname="tests.unittests.test_api.ApiTestCase" name="test_check_the_api_call_response_valid_json" time="0.002" /><testcase classname="tests.unittests.test_api.ApiTestCase" name="test_prepare_api_string" time="0.002" /><testcase classname="tests.unittests.test_api.ApiTestCase" name="test_prepare_api_string_no_real_value" time="0.001" /><testcase classname="tests.unittests.test_api" name="test_call_the_api_http2_no_valid_method" time="0.033" /><testcase classname="tests.unittests.test_api" name="test_call_the_api_http2_get" time="0.037" /><testcase classname="tests.unittests.test_api" name="test_call_the_api_http2_get_error" time="0.023" /><testcase classname="tests.unittests.test_api" name="test_call_the_api_http2_put" time="0.029" /><testcase classname="tests.unittests.test_api" name="test_call_the_api_http2_put_no_json_complete" time="0.023" /><testcase classname="tests.unittests.test_api" name="test_call_the_api_http2_post" time="0.023" /><testcase classname="tests.unittests.test_api" name="test_call_the_api_http2_post_no_json_complete" time="0.025" /><testcase classname="tests.unittests.test_api" name="test_call_the_api_http2_patch" time="0.030" /><testcase classname="tests.unittests.test_api" name="test_call_the_api_http2_patch_no_json_complete" time="0.023" /><testcase classname="tests.unittests.test_api" name="test_call_the_api_http2_delete" time="0.029" /><testcase classname="tests.unittests.test_authentication.AuthenticationTestCase" name="test_create_api_token" time="0.003" /><testcase classname="tests.unittests.test_authentication.AuthenticationTestCase" name="test_create_api_token_no_name" time="0.003" /><testcase classname="tests.unittests.test_authentication.AuthenticationTestCase" name="test_create_api_token_no_valid_result" time="0.004" /><testcase classname="tests.unittests.test_authentication.AuthenticationTestCase" name="test_delete_api_token" time="0.003" /><testcase classname="tests.unittests.test_authentication.AuthenticationTestCase" name="test_delete_api_token_no_token_id" time="0.004" /><testcase classname="tests.unittests.test_authentication.AuthenticationTestCase" name="test_delete_api_token_no_valid_result" time="0.003" /><testcase classname="tests.unittests.test_authentication.AuthenticationTestCase" name="test_get_api_tokens" time="0.003" /><testcase classname="tests.unittests.test_authentication.AuthenticationTestCase" name="test_get_api_tokens_no_valid_result" time="0.004" /><testcase classname="tests.unittests.test_correlations.CorrelationsTestCase" name="test_create_correlations" time="0.003" /><testcase classname="tests.unittests.test_correlations.CorrelationsTestCase" name="test_create_correlations_creation_not_possible" time="0.004" /><testcase classname="tests.unittests.test_correlations.CorrelationsTestCase" name="test_create_correlations_no_source_datasource_uid" time="0.003" /><testcase classname="tests.unittests.test_correlations.CorrelationsTestCase" name="test_delete_correlations" time="0.004" /><testcase classname="tests.unittests.test_correlations.CorrelationsTestCase" name="test_delete_correlations_deletion_not_possible" time="0.004" /><testcase classname="tests.unittests.test_correlations.CorrelationsTestCase" name="test_delete_correlations_no_source_datasource_uid" time="0.003" /><testcase classname="tests.unittests.test_correlations.CorrelationsTestCase" name="test_get_all_correlations" time="0.003" /><testcase classname="tests.unittests.test_correlations.CorrelationsTestCase" name="test_get_all_correlations_by_datasource_uid" time="0.003" /><testcase classname="tests.unittests.test_correlations.CorrelationsTestCase" name="test_get_all_correlations_by_datasource_uid_no_source_datasource_uid" time="0.003" /><testcase classname="tests.unittests.test_correlations.CorrelationsTestCase" name="test_get_all_correlations_by_datasource_uid_not_possible" time="0.004" /><testcase classname="tests.unittests.test_correlations.CorrelationsTestCase" name="test_get_all_correlations_dict_result" time="0.005" /><testcase classname="tests.unittests.test_correlations.CorrelationsTestCase" name="test_get_all_correlations_not_possible" time="0.003" /><testcase classname="tests.unittests.test_correlations.CorrelationsTestCase" name="test_get_all_correlations_not_possible_no_dict" time="0.004" /><testcase classname="tests.unittests.test_correlations.CorrelationsTestCase" name="test_get_correlation" time="0.003" /><testcase classname="tests.unittests.test_correlations.CorrelationsTestCase" name="test_get_correlation_no_source_datasource_uid" time="0.002" /><testcase classname="tests.unittests.test_correlations.CorrelationsTestCase" name="test_get_correlation_not_possible" time="0.003" /><testcase classname="tests.unittests.test_correlations.CorrelationsTestCase" name="test_update_correlations" time="0.003" /><testcase classname="tests.unittests.test_correlations.CorrelationsTestCase" name="test_update_correlations_no_source_datasource_uid" time="0.003" /><testcase classname="tests.unittests.test_correlations.CorrelationsTestCase" name="test_update_correlations_update_not_possible" time="0.004" /><testcase classname="tests.unittests.test_dashboard.DashboardTestCase" name="test_calculate_dashboard_diff" time="0.004" /><testcase classname="tests.unittests.test_dashboard.DashboardTestCase" name="test_calculate_dashboard_diff_error_response" time="0.007" /><testcase classname="tests.unittests.test_dashboard.DashboardTestCase" name="test_calculate_dashboard_diff_no_dashboard_id_and_version_base" time="0.004" /><testcase classname="tests.unittests.test_dashboard.DashboardTestCase" name="test_calculate_dashboard_diff_no_valid_diff_type" time="0.003" /><testcase classname="tests.unittests.test_dashboard.DashboardTestCase" name="test_create_or_update_dashboard" time="0.005" /><testcase classname="tests.unittests.test_dashboard.DashboardTestCase" name="test_create_or_update_dashboard_general_folder_omits_folder_uid" time="0.004" /><testcase classname="tests.unittests.test_dashboard.DashboardTestCase" name="test_create_or_update_dashboard_no_dashboard_path_defined" time="0.003" /><testcase classname="tests.unittests.test_dashboard.DashboardTestCase" name="test_create_or_update_dashboard_update_not_possible" time="0.004" /><testcase classname="tests.unittests.test_dashboard.DashboardTestCase" name="test_create_public_dashboard" time="0.002" /><testcase classname="tests.unittests.test_dashboard.DashboardTestCase" name="test_create_public_dashboard_error" time="0.003" /><testcase classname="tests.unittests.test_dashboard.DashboardTestCase" name="test_create_public_dashboard_error_response" time="0.004" /><testcase classname="tests.unittests.test_dashboard.DashboardTestCase" name="test_create_public_dashboard_missing_value" time="0.004" /><testcase classname="tests.unittests.test_dashboard.DashboardTestCase" name="test_create_public_dashboard_with_explicit_object" time="0.003" /><testcase classname="tests.unittests.test_dashboard.DashboardTestCase" name="test_create_public_dashboard_with_none_default" time="0.003" /><testcase classname="tests.unittests.test_dashboard.DashboardTestCase" name="test_delete_dashboard_by_name_and_path" time="0.005" /><testcase classname="tests.unittests.test_dashboard.DashboardTestCase" name="test_delete_dashboard_by_name_and_path_dashboard_uid_id_is_none" time="0.004" /><testcase classname="tests.unittests.test_dashboard.DashboardTestCase" name="test_delete_dashboard_by_name_and_path_deletion_list_empty" time="0.005" /><testcase classname="tests.unittests.test_dashboard.DashboardTestCase" name="test_delete_dashboard_by_name_and_path_deletion_not_possible" time="0.005" /><testcase classname="tests.unittests.test_dashboard.DashboardTestCase" name="test_delete_dashboard_by_name_and_path_no_dashboard_name" time="0.003" /><testcase classname="tests.unittests.test_dashboard.DashboardTestCase" name="test_delete_public_dashboard" time="0.004" /><testcase classname="tests.unittests.test_dashboard.DashboardTestCase" name="test_delete_public_dashboard_error" time="0.003" /><testcase classname="tests.unittests.test_dashboard.DashboardTestCase" name="test_delete_public_dashboard_error_response" time="0.003" /><testcase classname="tests.unittests.test_dashboard.DashboardTestCase" name="test_delete_public_dashboard_missing_value" time="0.004" /><testcase classname="tests.unittests.test_dashboard.DashboardTestCase" name="test_get_dashboard_by_uid" time="0.004" /><testcase classname="tests.unittests.test_dashboard.DashboardTestCase" name="test_get_dashboard_by_uid_no_dashboard" time="0.004" /><testcase classname="tests.unittests.test_dashboard.DashboardTestCase" name="test_get_dashboard_by_uid_no_uid" time="0.003" /><testcase classname="tests.unittests.test_dashboard.DashboardTestCase" name="test_get_dashboard_home" time="0.004" /><testcase classname="tests.unittests.test_dashboard.DashboardTestCase" name="test_get_dashboard_home_no_dashboard" time="0.004" /><testcase classname="tests.unittests.test_dashboard.DashboardTestCase" name="test_get_dashboard_permissions" time="0.003" /><testcase classname="tests.unittests.test_dashboard.DashboardTestCase" name="test_get_dashboard_permissions_by_uid" time="0.003" /><testcase classname="tests.unittests.test_dashboard.DashboardTestCase" name="test_get_dashboard_permissions_by_uid_empty_list" time="0.003" /><testcase classname="tests.unittests.test_dashboard.DashboardTestCase" name="test_get_dashboard_permissions_by_uid_no_uid" time="0.003" /><testcase classname="tests.unittests.test_dashboard.DashboardTestCase" name="test_get_dashboard_permissions_empty_list" time="0.003" /><testcase classname="tests.unittests.test_dashboard.DashboardTestCase" name="test_get_dashboard_permissions_no_id" time="0.002" /><testcase classname="tests.unittests.test_dashboard.DashboardTestCase" name="test_get_dashboard_tags" time="0.004" /><testcase classname="tests.unittests.test_dashboard.DashboardTestCase" name="test_get_dashboard_tags_no_tags" time="0.003" /><testcase classname="tests.unittests.test_dashboard.DashboardTestCase" name="test_get_dashboard_uid_and_id_by_name_and_folder" time="0.005" /><testcase classname="tests.unittests.test_dashboard.DashboardTestCase" name="test_get_dashboard_uid_and_id_by_name_and_folder_empty_result" time="0.005" /><testcase classname="tests.unittests.test_dashboard.DashboardTestCase" name="test_get_dashboard_uid_and_id_by_name_and_folder_general_folder_query" time="0.004" /><testcase classname="tests.unittests.test_dashboard.DashboardTestCase" name="test_get_dashboard_uid_and_id_by_name_and_folder_no_dashboard_name_defined" time="0.002" /><testcase classname="tests.unittests.test_dashboard.DashboardTestCase" name="test_get_dashboard_uid_and_id_by_name_and_folder_no_id_inside_dashboard_meta_object" time="0.005" /><testcase classname="tests.unittests.test_dashboard.DashboardTestCase" name="test_get_dashboard_uid_and_id_by_name_and_folder_no_matched_title_inside_dashboard_meta_object" time="0.004" /><testcase classname="tests.unittests.test_dashboard.DashboardTestCase" name="test_get_dashboard_uid_and_id_by_name_and_folder_no_title_inside_dashboard_meta_object" time="0.004" /><testcase classname="tests.unittests.test_dashboard.DashboardTestCase" name="test_get_dashboard_version" time="0.003" /><testcase classname="tests.unittests.test_dashboard.DashboardTestCase" name="test_get_dashboard_version_by_uid_error_response" time="0.005" /><testcase classname="tests.unittests.test_dashboard.DashboardTestCase" name="test_get_dashboard_version_by_uid_no_uid" time="0.003" /><testcase classname="tests.unittests.test_dashboard.DashboardTestCase" name="test_get_dashboard_version_error_response" time="0.006" /><testcase classname="tests.unittests.test_dashboard.DashboardTestCase" name="test_get_dashboard_version_no_uid" time="0.003" /><testcase classname="tests.unittests.test_dashboard.DashboardTestCase" name="test_get_dashboard_versions" time="0.004" /><testcase classname="tests.unittests.test_dashboard.DashboardTestCase" name="test_get_dashboard_versions_by_uid" time="0.003" /><testcase classname="tests.unittests.test_dashboard.DashboardTestCase" name="test_get_dashboard_versions_by_uid_error_response" time="0.004" /><testcase classname="tests.unittests.test_dashboard.DashboardTestCase" name="test_get_dashboard_versions_by_uid_no_uid" time="0.003" /><testcase classname="tests.unittests.test_dashboard.DashboardTestCase" name="test_get_dashboard_versions_error_response" time="0.004" /><testcase classname="tests.unittests.test_dashboard.DashboardTestCase" name="test_get_dashboard_versions_no_uid" time="0.003" /><testcase classname="tests.unittests.test_dashboard.DashboardTestCase" name="test_get_public_dashboard_by_uid" time="0.003" /><testcase classname="tests.unittests.test_dashboard.DashboardTestCase" name="test_get_public_dashboard_by_uid_error_response" time="0.004" /><testcase classname="tests.unittests.test_dashboard.DashboardTestCase" name="test_get_public_dashboard_by_uid_missing_value" time="0.004" /><testcase classname="tests.unittests.test_dashboard.DashboardTestCase" name="test_get_public_dashboards" time="0.003" /><testcase classname="tests.unittests.test_dashboard.DashboardTestCase" name="test_get_public_dashboards_defined_page" time="0.004" /><testcase classname="tests.unittests.test_dashboard.DashboardTestCase" name="test_get_public_dashboards_defined_perpage" time="0.003" /><testcase classname="tests.unittests.test_dashboard.DashboardTestCase" name="test_get_public_dashboards_defined_perpage_and_page" time="0.003" /><testcase classname="tests.unittests.test_dashboard.DashboardTestCase" name="test_get_public_dashboards_error_response" time="0.004" /><testcase classname="tests.unittests.test_dashboard.DashboardTestCase" name="test_gget_dashboard_version_by_uid" time="0.002" /><testcase classname="tests.unittests.test_dashboard.DashboardTestCase" name="test_restore_dashboard_version" time="0.003" /><testcase classname="tests.unittests.test_dashboard.DashboardTestCase" name="test_restore_dashboard_version_by_uid" time="0.003" /><testcase classname="tests.unittests.test_dashboard.DashboardTestCase" name="test_restore_dashboard_version_by_uid_error_response" time="0.003" /><testcase classname="tests.unittests.test_dashboard.DashboardTestCase" name="test_restore_dashboard_version_by_uid_no_uid" time="0.003" /><testcase classname="tests.unittests.test_dashboard.DashboardTestCase" name="test_restore_dashboard_version_error_response" time="0.004" /><testcase classname="tests.unittests.test_dashboard.DashboardTestCase" name="test_restore_dashboard_version_no_id" time="0.003" /><testcase classname="tests.unittests.test_dashboard.DashboardTestCase" name="test_update_dashboard_permissions" time="0.003" /><testcase classname="tests.unittests.test_dashboard.DashboardTestCase" name="test_update_dashboard_permissions_by_uid" time="0.003" /><testcase classname="tests.unittests.test_dashboard.DashboardTestCase" name="test_update_dashboard_permissions_by_uid_error_response" time="0.004" /><testcase classname="tests.unittests.test_dashboard.DashboardTestCase" name="test_update_dashboard_permissions_by_uid_no_uid" time="0.003" /><testcase classname="tests.unittests.test_dashboard.DashboardTestCase" name="test_update_dashboard_permissions_error_response" time="0.004" /><testcase classname="tests.unittests.test_dashboard.DashboardTestCase" name="test_update_dashboard_permissions_no_uid" time="0.003" /><testcase classname="tests.unittests.test_dashboard.DashboardTestCase" name="test_update_public_dashboard" time="0.004" /><testcase classname="tests.unittests.test_dashboard.DashboardTestCase" name="test_update_public_dashboard_error" time="0.006" /><testcase classname="tests.unittests.test_dashboard.DashboardTestCase" name="test_update_public_dashboard_error_response" time="0.004" /><testcase classname="tests.unittests.test_dashboard.DashboardTestCase" name="test_update_public_dashboard_missing_value" time="0.004" /><testcase classname="tests.unittests.test_dashboard.DashboardTestCase" name="test_update_public_dashboard_missing_value_public_dashboard" time="0.004" /><testcase classname="tests.unittests.test_datasource.DatasourceTestCase" name="test_create_datasource" time="0.003" /><testcase classname="tests.unittests.test_datasource.DatasourceTestCase" name="test_create_datasource_no_data_source" time="0.003" /><testcase classname="tests.unittests.test_datasource.DatasourceTestCase" name="test_create_datasource_not_possible" time="0.004" /><testcase classname="tests.unittests.test_datasource.DatasourceTestCase" name="test_delete_datasource_by_id" time="0.003" /><testcase classname="tests.unittests.test_datasource.DatasourceTestCase" name="test_delete_datasource_by_id_delete_not_possible" time="0.004" /><testcase classname="tests.unittests.test_datasource.DatasourceTestCase" name="test_delete_datasource_by_id_fallback_by_uid" time="0.003" /><testcase classname="tests.unittests.test_datasource.DatasourceTestCase" name="test_delete_datasource_by_id_fallback_uid_empty" time="0.004" /><testcase classname="tests.unittests.test_datasource.DatasourceTestCase" name="test_delete_datasource_by_id_no_datasource_id" time="0.003" /><testcase classname="tests.unittests.test_datasource.DatasourceTestCase" name="test_delete_datasource_by_name" time="0.003" /><testcase classname="tests.unittests.test_datasource.DatasourceTestCase" name="test_delete_datasource_by_name_delete_not_possible" time="0.003" /><testcase classname="tests.unittests.test_datasource.DatasourceTestCase" name="test_delete_datasource_by_name_no_name" time="0.003" /><testcase classname="tests.unittests.test_datasource.DatasourceTestCase" name="test_delete_datasource_by_uid" time="0.004" /><testcase classname="tests.unittests.test_datasource.DatasourceTestCase" name="test_delete_datasource_by_uid_delete_not_possible" time="0.004" /><testcase classname="tests.unittests.test_datasource.DatasourceTestCase" name="test_delete_datasource_by_uid_no_datasource_uid" time="0.003" /><testcase classname="tests.unittests.test_datasource.DatasourceTestCase" name="test_get_all_datasources" time="0.004" /><testcase classname="tests.unittests.test_datasource.DatasourceTestCase" name="test_get_all_datasources_no_datasources" time="0.004" /><testcase classname="tests.unittests.test_datasource.DatasourceTestCase" name="test_get_datasource_by_id" time="0.003" /><testcase classname="tests.unittests.test_datasource.DatasourceTestCase" name="test_get_datasource_by_id_fallback_scan_exception" time="0.004" /><testcase classname="tests.unittests.test_datasource.DatasourceTestCase" name="test_get_datasource_by_id_no_datasource_available" time="0.004" /><testcase classname="tests.unittests.test_datasource.DatasourceTestCase" name="test_get_datasource_by_id_no_datasource_id" time="0.003" /><testcase classname="tests.unittests.test_datasource.DatasourceTestCase" name="test_get_datasource_by_name" time="0.004" /><testcase classname="tests.unittests.test_datasource.DatasourceTestCase" name="test_get_datasource_by_name_no_datasource_available" time="0.004" /><testcase classname="tests.unittests.test_datasource.DatasourceTestCase" name="test_get_datasource_by_name_no_name" time="0.003" /><testcase classname="tests.unittests.test_datasource.DatasourceTestCase" name="test_get_datasource_by_uid" time="0.004" /><testcase classname="tests.unittests.test_datasource.DatasourceTestCase" name="test_get_datasource_by_uid_no_datasource_available" time="0.003" /><testcase classname="tests.unittests.test_datasource.DatasourceTestCase" name="test_get_datasource_by_uid_no_uid" time="0.004" /><testcase classname="tests.unittests.test_datasource.DatasourceTestCase" name="test_get_datasource_id_by_name" time="0.003" /><testcase classname="tests.unittests.test_datasource.DatasourceTestCase" name="test_get_datasource_id_by_name_no_id_available" time="0.004" /><testcase classname="tests.unittests.test_datasource.DatasourceTestCase" name="test_get_datasource_id_by_name_no_name" time="0.004" /><testcase classname="tests.unittests.test_datasource.DatasourceTestCase" name="test_query_datasource_by_id" time="0.003" /><testcase classname="tests.unittests.test_datasource.DatasourceTestCase" name="test_query_datasource_by_id_no_query_result" time="0.004" /><testcase classname="tests.unittests.test_datasource.DatasourceTestCase" name="test_query_datasource_by_id_no_time" time="0.004" /><testcase classname="tests.unittests.test_datasource.DatasourceTestCase" name="test_query_datasource_by_id_no_value_datasource_id" time="0.004" /><testcase classname="tests.unittests.test_datasource.DatasourceTestCase" name="test_query_datasource_by_uid" time="0.004" /><testcase classname="tests.unittests.test_datasource.DatasourceTestCase" name="test_query_datasource_by_uid_no_query_result" time="0.005" /><testcase classname="tests.unittests.test_datasource.DatasourceTestCase" name="test_query_datasource_by_uid_no_time" time="0.004" /><testcase classname="tests.unittests.test_datasource.DatasourceTestCase" name="test_query_datasource_by_uid_no_value_datasource_uid" time="0.005" /><testcase classname="tests.unittests.test_datasource.DatasourceTestCase" name="test_update_datasource_fallback_by_id_not_updated" time="0.005" /><testcase classname="tests.unittests.test_datasource.DatasourceTestCase" name="test_update_datasource_fallback_id_empty" time="0.005" /><testcase classname="tests.unittests.test_datasource.DatasourceTestCase" name="test_update_datasource_no_data_source" time="0.003" /><testcase classname="tests.unittests.test_datasource.DatasourceTestCase" name="test_update_datasource_update_not_possible" time="0.004" /><testcase classname="tests.unittests.test_datasource.DatasourceTestCase" name="test_update_datasource_use_id" time="0.003" /><testcase classname="tests.unittests.test_datasource.DatasourceTestCase" name="test_update_datasource_use_uid" time="0.004" /><testcase classname="tests.unittests.test_datasource.DatasourcePermissionsTestCase" name="test_get_datasource_permissions_by_uid" time="0.004" /><testcase classname="tests.unittests.test_datasource.DatasourcePermissionsTestCase" name="test_get_datasource_permissions_by_uid_general_error" time="0.004" /><testcase classname="tests.unittests.test_datasource.DatasourcePermissionsTestCase" name="test_get_datasource_permissions_by_uid_no_datasource_uid" time="0.003" /><testcase classname="tests.unittests.test_datasource.DatasourcePermissionsTestCase" name="test_get_datasource_permissions_by_uid_not_possible" time="0.004" /><testcase classname="tests.unittests.test_datasource.DatasourcePermissionsTestCase" name="test_update_datasource_basic_role_access_by_uid_add" time="0.004" /><testcase classname="tests.unittests.test_datasource.DatasourcePermissionsTestCase" name="test_update_datasource_basic_role_access_by_uid_general_error" time="0.005" /><testcase classname="tests.unittests.test_datasource.DatasourcePermissionsTestCase" name="test_update_datasource_basic_role_access_by_uid_no_datasource_uid" time="0.003" /><testcase classname="tests.unittests.test_datasource.DatasourcePermissionsTestCase" name="test_update_datasource_basic_role_access_by_uid_not_possible" time="0.005" /><testcase classname="tests.unittests.test_datasource.DatasourcePermissionsTestCase" name="test_update_datasource_basic_role_access_by_uid_permission_denied" time="0.005" /><testcase classname="tests.unittests.test_datasource.DatasourcePermissionsTestCase" name="test_update_datasource_basic_role_access_by_uid_remove" time="0.003" /><testcase classname="tests.unittests.test_datasource.DatasourcePermissionsTestCase" name="test_update_datasource_team_access_by_uid_add" time="0.004" /><testcase classname="tests.unittests.test_datasource.DatasourcePermissionsTestCase" name="test_update_datasource_team_access_by_uid_general_error" time="0.005" /><testcase classname="tests.unittests.test_datasource.DatasourcePermissionsTestCase" name="test_update_datasource_team_access_by_uid_no_datasource_id" time="0.003" /><testcase classname="tests.unittests.test_datasource.DatasourcePermissionsTestCase" name="test_update_datasource_team_access_by_uid_not_possible" time="0.005" /><testcase classname="tests.unittests.test_datasource.DatasourcePermissionsTestCase" name="test_update_datasource_team_access_by_uid_permission_denied" time="0.004" /><testcase classname="tests.unittests.test_datasource.DatasourcePermissionsTestCase" name="test_update_datasource_team_access_by_uid_remove" time="0.005" /><testcase classname="tests.unittests.test_datasource.DatasourcePermissionsTestCase" name="test_update_datasource_user_access_by_uid_add" time="0.003" /><testcase classname="tests.unittests.test_datasource.DatasourcePermissionsTestCase" name="test_update_datasource_user_access_by_uid_general_error" time="0.003" /><testcase classname="tests.unittests.test_datasource.DatasourcePermissionsTestCase" name="test_update_datasource_user_access_by_uid_no_datasource_uid" time="0.003" /><testcase classname="tests.unittests.test_datasource.DatasourcePermissionsTestCase" name="test_update_datasource_user_access_by_uid_not_possible" time="0.004" /><testcase classname="tests.unittests.test_datasource.DatasourcePermissionsTestCase" name="test_update_datasource_user_access_by_uid_permission_denied" time="0.004" /><testcase classname="tests.unittests.test_datasource.DatasourcePermissionsTestCase" name="test_update_datasource_user_access_by_uid_remove" time="0.004" /><testcase classname="tests.unittests.test_datasource.DatasourceLegacyPermissionsTestCase" name="test_add_datasource_permissions" time="0.004" /><testcase classname="tests.unittests.test_datasource.DatasourceLegacyPermissionsTestCase" name="test_add_datasource_permissions_no_datasource_id" time="0.003" /><testcase classname="tests.unittests.test_datasource.DatasourceLegacyPermissionsTestCase" name="test_add_datasource_permissions_permission_add_not_possible" time="0.005" /><testcase classname="tests.unittests.test_datasource.DatasourceLegacyPermissionsTestCase" name="test_delete_datasource_permissions" time="0.004" /><testcase classname="tests.unittests.test_datasource.DatasourceLegacyPermissionsTestCase" name="test_delete_datasource_permissions_delete_not_possible" time="0.005" /><testcase classname="tests.unittests.test_datasource.DatasourceLegacyPermissionsTestCase" name="test_delete_datasource_permissions_no_datasource_id" time="0.003" /><testcase classname="tests.unittests.test_datasource.DatasourceLegacyPermissionsTestCase" name="test_disable_datasource_permissions" time="0.004" /><testcase classname="tests.unittests.test_datasource.DatasourceLegacyPermissionsTestCase" name="test_disable_datasource_permissions_disable_not_possible" time="0.004" /><testcase classname="tests.unittests.test_datasource.DatasourceLegacyPermissionsTestCase" name="test_disable_datasource_permissions_no_datasource_id" time="0.003" /><testcase classname="tests.unittests.test_datasource.DatasourceLegacyPermissionsTestCase" name="test_enable_datasource_permissions" time="0.004" /><testcase classname="tests.unittests.test_datasource.DatasourceLegacyPermissionsTestCase" name="test_enable_datasource_permissions_enable_not_possible" time="0.004" /><testcase classname="tests.unittests.test_datasource.DatasourceLegacyPermissionsTestCase" name="test_enable_datasource_permissions_no_datasource_id" time="0.003" /><testcase classname="tests.unittests.test_datasource.DatasourceLegacyPermissionsTestCase" name="test_get_datasource_permissions" time="0.003" /><testcase classname="tests.unittests.test_datasource.DatasourceLegacyPermissionsTestCase" name="test_get_datasource_permissions_no_datasource_id" time="0.003" /><testcase classname="tests.unittests.test_datasource.DatasourceLegacyPermissionsTestCase" name="test_get_datasource_permissions_no_datasource_permissions_available" time="0.004" /><testcase classname="tests.unittests.test_datasource.DatasourceQueryResourceCachingTestCase" name="test_clean_datasource_cache" time="0.004" /><testcase classname="tests.unittests.test_datasource.DatasourceQueryResourceCachingTestCase" name="test_clean_datasource_cache_no_datasources" time="0.005" /><testcase classname="tests.unittests.test_datasource.DatasourceQueryResourceCachingTestCase" name="test_clean_datasource_cache_no_valid_result" time="0.004" /><testcase classname="tests.unittests.test_datasource.DatasourceQueryResourceCachingTestCase" name="test_disable_datasource_cache" time="0.004" /><testcase classname="tests.unittests.test_datasource.DatasourceQueryResourceCachingTestCase" name="test_disable_datasource_cache_no_datasources" time="0.004" /><testcase classname="tests.unittests.test_datasource.DatasourceQueryResourceCachingTestCase" name="test_disable_datasource_cache_no_valid_result" time="0.004" /><testcase classname="tests.unittests.test_datasource.DatasourceQueryResourceCachingTestCase" name="test_enable_datasource_cache" time="0.005" /><testcase classname="tests.unittests.test_datasource.DatasourceQueryResourceCachingTestCase" name="test_enable_datasource_cache_no_datasources" time="0.003" /><testcase classname="tests.unittests.test_datasource.DatasourceQueryResourceCachingTestCase" name="test_enable_datasource_cache_no_valid_result" time="0.004" /><testcase classname="tests.unittests.test_datasource.DatasourceQueryResourceCachingTestCase" name="test_get_datasource_cache" time="0.004" /><testcase classname="tests.unittests.test_datasource.DatasourceQueryResourceCachingTestCase" name="test_get_datasource_cache_no_datasources" time="0.004" /><testcase classname="tests.unittests.test_datasource.DatasourceQueryResourceCachingTestCase" name="test_get_datasource_cache_no_valid_result" time="0.004" /><testcase classname="tests.unittests.test_datasource.DatasourceQueryResourceCachingTestCase" name="test_update_datasource_cache" time="0.003" /><testcase classname="tests.unittests.test_datasource.DatasourceQueryResourceCachingTestCase" name="test_update_datasource_cache_no_valid_datasource_cache_object" time="0.003" /><testcase classname="tests.unittests.test_datasource.DatasourceQueryResourceCachingTestCase" name="test_update_datasource_cache_no_valid_result" time="0.003" /><testcase classname="tests.unittests.test_datasource.DatasourceLabelBasedAccessControlTestCase" name="test_get_lbac_rules_for_datasource" time="0.003" /><testcase classname="tests.unittests.test_datasource.DatasourceLabelBasedAccessControlTestCase" name="test_get_lbac_rules_for_datasource_no_uid" time="0.003" /><testcase classname="tests.unittests.test_datasource.DatasourceLabelBasedAccessControlTestCase" name="test_get_lbac_rules_for_datasource_no_valid_rules" time="0.003" /><testcase classname="tests.unittests.test_datasource.DatasourceLabelBasedAccessControlTestCase" name="test_update_lbac_rules_for_datasource" time="0.003" /><testcase classname="tests.unittests.test_datasource.DatasourceLabelBasedAccessControlTestCase" name="test_update_lbac_rules_for_datasource_no_uid" time="0.003" /><testcase classname="tests.unittests.test_datasource.DatasourceLabelBasedAccessControlTestCase" name="test_update_lbac_rules_for_datasource_no_update_possible" time="0.003" /><testcase classname="tests.unittests.test_external_group.ExternalGroupTestCase" name="test_add_external_group" time="0.003" /><testcase classname="tests.unittests.test_external_group.ExternalGroupTestCase" name="test_add_external_group_no_team_id" time="0.003" /><testcase classname="tests.unittests.test_external_group.ExternalGroupTestCase" name="test_add_external_group_no_valid_result" time="0.003" /><testcase classname="tests.unittests.test_external_group.ExternalGroupTestCase" name="test_get_external_groups" time="0.003" /><testcase classname="tests.unittests.test_external_group.ExternalGroupTestCase" name="test_get_external_groups_no_team_id" time="0.003" /><testcase classname="tests.unittests.test_external_group.ExternalGroupTestCase" name="test_get_external_groups_no_valid_result" time="0.004" /><testcase classname="tests.unittests.test_external_group.ExternalGroupTestCase" name="test_remove_external_group" time="0.003" /><testcase classname="tests.unittests.test_external_group.ExternalGroupTestCase" name="test_remove_external_group_no_team_id" time="0.004" /><testcase classname="tests.unittests.test_external_group.ExternalGroupTestCase" name="test_remove_external_group_no_valid_result" time="0.004" /><testcase classname="tests.unittests.test_folder.FolderTestCase" name="test_create_folder" time="0.003" /><testcase classname="tests.unittests.test_folder.FolderTestCase" name="test_create_folder_error_response" time="0.003" /><testcase classname="tests.unittests.test_folder.FolderTestCase" name="test_create_folder_no_title" time="0.005" /><testcase classname="tests.unittests.test_folder.FolderTestCase" name="test_create_folder_parent_uid" time="0.004" /><testcase classname="tests.unittests.test_folder.FolderTestCase" name="test_create_folder_specified_uid" time="0.004" /><testcase classname="tests.unittests.test_folder.FolderTestCase" name="test_delete_folder" time="0.004" /><testcase classname="tests.unittests.test_folder.FolderTestCase" name="test_delete_folder_error_response_wrong_message" time="0.004" /><testcase classname="tests.unittests.test_folder.FolderTestCase" name="test_delete_folder_error_response_wrong_object" time="0.005" /><testcase classname="tests.unittests.test_folder.FolderTestCase" name="test_delete_folder_no_uid" time="0.004" /><testcase classname="tests.unittests.test_folder.FolderTestCase" name="test_delete_folder_right_message" time="0.005" /><testcase classname="tests.unittests.test_folder.FolderTestCase" name="test_get_all_folder_ids_uids_and_names" time="0.003" /><testcase classname="tests.unittests.test_folder.FolderTestCase" name="test_get_all_folder_ids_uids_and_names_error_response" time="0.003" /><testcase classname="tests.unittests.test_folder.FolderTestCase" name="test_get_all_folder_ids_uids_and_names_fallback_endpoint" time="0.004" /><testcase classname="tests.unittests.test_folder.FolderTestCase" name="test_get_all_folder_ids_uids_and_names_shared_dashboard" time="0.003" /><testcase classname="tests.unittests.test_folder.FolderTestCase" name="test_get_folder_by_id" time="0.003" /><testcase classname="tests.unittests.test_folder.FolderTestCase" name="test_get_folder_by_id_error_response" time="0.003" /><testcase classname="tests.unittests.test_folder.FolderTestCase" name="test_get_folder_by_id_no_id" time="0.003" /><testcase classname="tests.unittests.test_folder.FolderTestCase" name="test_get_folder_by_uid" time="0.004" /><testcase classname="tests.unittests.test_folder.FolderTestCase" name="test_get_folder_by_uid_error_response" time="0.004" /><testcase classname="tests.unittests.test_folder.FolderTestCase" name="test_get_folder_by_uid_no_uid" time="0.003" /><testcase classname="tests.unittests.test_folder.FolderTestCase" name="test_get_folder_id_by_dashboard_path" time="0.003" /><testcase classname="tests.unittests.test_folder.FolderTestCase" name="test_get_folder_id_by_dashboard_path_general_path" time="0.003" /><testcase classname="tests.unittests.test_folder.FolderTestCase" name="test_get_folder_id_by_dashboard_path_no_dashboard_path_defined" time="0.003" /><testcase classname="tests.unittests.test_folder.FolderTestCase" name="test_get_folder_id_by_dashboard_path_no_title_match" time="0.004" /><testcase classname="tests.unittests.test_folder.FolderTestCase" name="test_get_folder_permissions" time="0.004" /><testcase classname="tests.unittests.test_folder.FolderTestCase" name="test_get_folder_permissions_error_response" time="0.005" /><testcase classname="tests.unittests.test_folder.FolderTestCase" name="test_get_folder_permissions_no_uid" time="0.004" /><testcase classname="tests.unittests.test_folder.FolderTestCase" name="test_get_folder_uid_by_dashboard_path" time="0.004" /><testcase classname="tests.unittests.test_folder.FolderTestCase" name="test_get_folder_uid_by_dashboard_path_general_path" time="0.004" /><testcase classname="tests.unittests.test_folder.FolderTestCase" name="test_get_folder_uid_by_dashboard_path_no_dashboard_path_defined" time="0.003" /><testcase classname="tests.unittests.test_folder.FolderTestCase" name="test_get_folder_uid_by_dashboard_path_no_title_match" time="0.003" /><testcase classname="tests.unittests.test_folder.FolderTestCase" name="test_get_folders" time="0.004" /><testcase classname="tests.unittests.test_folder.FolderTestCase" name="test_get_folders_error_response" time="0.004" /><testcase classname="tests.unittests.test_folder.FolderTestCase" name="test_get_folders_nested_folders_enabled" time="0.003" /><testcase classname="tests.unittests.test_folder.FolderTestCase" name="test_get_folders_with_nested_folders" time="0.003" /><testcase classname="tests.unittests.test_folder.FolderTestCase" name="test_get_nested_folders" time="0.003" /><testcase classname="tests.unittests.test_folder.FolderTestCase" name="test_get_nested_folders_complex" time="0.003" /><testcase classname="tests.unittests.test_folder.FolderTestCase" name="test_get_nested_folders_recursive" time="0.003" /><testcase classname="tests.unittests.test_folder.FolderTestCase" name="test_get_nested_folders_with_siblings" time="0.003" /><testcase classname="tests.unittests.test_folder.FolderTestCase" name="test_move_folder" time="0.005" /><testcase classname="tests.unittests.test_folder.FolderTestCase" name="test_move_folder_no_id" time="0.004" /><testcase classname="tests.unittests.test_folder.FolderTestCase" name="test_move_folder_no_uid" time="0.003" /><testcase classname="tests.unittests.test_folder.FolderTestCase" name="test_move_folder_parent_uid" time="0.004" /><testcase classname="tests.unittests.test_folder.FolderTestCase" name="test_update_folder" time="0.004" /><testcase classname="tests.unittests.test_folder.FolderTestCase" name="test_update_folder_error_response" time="0.004" /><testcase classname="tests.unittests.test_folder.FolderTestCase" name="test_update_folder_no_title" time="0.006" /><testcase classname="tests.unittests.test_folder.FolderTestCase" name="test_update_folder_no_uid" time="0.004" /><testcase classname="tests.unittests.test_folder.FolderTestCase" name="test_update_folder_overwrite_true" time="0.004" /><testcase classname="tests.unittests.test_folder.FolderTestCase" name="test_update_folder_permissions" time="0.004" /><testcase classname="tests.unittests.test_folder.FolderTestCase" name="test_update_folder_permissions_error_response" time="0.006" /><testcase classname="tests.unittests.test_folder.FolderTestCase" name="test_update_folder_permissions_no_uid" time="0.005" /><testcase classname="tests.unittests.test_legacy_alerting.LegacyAlertingTestCase" name="test_get_alert_by_id" time="0.006" /><testcase classname="tests.unittests.test_legacy_alerting.LegacyAlertingTestCase" name="test_get_alert_by_id_no_alerts_available" time="0.004" /><testcase classname="tests.unittests.test_legacy_alerting.LegacyAlertingTestCase" name="test_get_alert_by_id_no_id" time="0.003" /><testcase classname="tests.unittests.test_legacy_alerting.LegacyAlertingTestCase" name="test_get_alert_by_id_upper_case_id_result" time="0.004" /><testcase classname="tests.unittests.test_legacy_alerting.LegacyAlertingTestCase" name="test_get_alerts" time="0.003" /><testcase classname="tests.unittests.test_legacy_alerting.LegacyAlertingTestCase" name="test_get_alerts_by_dashboard_ids" time="0.003" /><testcase classname="tests.unittests.test_legacy_alerting.LegacyAlertingTestCase" name="test_get_alerts_by_dashboard_ids_no_alerts_available" time="0.004" /><testcase classname="tests.unittests.test_legacy_alerting.LegacyAlertingTestCase" name="test_get_alerts_by_dashboard_ids_no_dashboard_ids" time="0.003" /><testcase classname="tests.unittests.test_legacy_alerting.LegacyAlertingTestCase" name="test_get_alerts_custom_querystring" time="0.004" /><testcase classname="tests.unittests.test_legacy_alerting.LegacyAlertingTestCase" name="test_get_alerts_empty_api_string" time="0.003" /><testcase classname="tests.unittests.test_legacy_alerting.LegacyAlertingTestCase" name="test_get_alerts_no_alerts_available" time="0.004" /><testcase classname="tests.unittests.test_legacy_alerting.LegacyAlertingTestCase" name="test_pause_alert_by_id" time="0.004" /><testcase classname="tests.unittests.test_legacy_alerting.LegacyAlertingTestCase" name="test_pause_alert_by_id_no_alerts_available" time="0.004" /><testcase classname="tests.unittests.test_legacy_alerting.LegacyAlertingTestCase" name="test_pause_alert_by_id_no_id" time="0.003" /><testcase classname="tests.unittests.test_legacy_playlist.LegacyPlaylistTestCase" name="test_delete_playlist" time="0.005" /><testcase classname="tests.unittests.test_legacy_playlist.LegacyPlaylistTestCase" name="test_delete_playlist_no_playlist_id" time="0.004" /><testcase classname="tests.unittests.test_legacy_playlist.LegacyPlaylistTestCase" name="test_delete_playlist_no_valid_result" time="0.006" /><testcase classname="tests.unittests.test_legacy_playlist.LegacyPlaylistTestCase" name="test_get_playlist" time="0.006" /><testcase classname="tests.unittests.test_legacy_playlist.LegacyPlaylistTestCase" name="test_get_playlist_dashboards" time="0.005" /><testcase classname="tests.unittests.test_legacy_playlist.LegacyPlaylistTestCase" name="test_get_playlist_dashboards_no_playlist_id" time="0.006" /><testcase classname="tests.unittests.test_legacy_playlist.LegacyPlaylistTestCase" name="test_get_playlist_dashboards_no_valid_result" time="0.005" /><testcase classname="tests.unittests.test_legacy_playlist.LegacyPlaylistTestCase" name="test_get_playlist_items" time="0.004" /><testcase classname="tests.unittests.test_legacy_playlist.LegacyPlaylistTestCase" name="test_get_playlist_items_no_playlist_id" time="0.006" /><testcase classname="tests.unittests.test_legacy_playlist.LegacyPlaylistTestCase" name="test_get_playlist_items_no_valid_result" time="0.005" /><testcase classname="tests.unittests.test_legacy_playlist.LegacyPlaylistTestCase" name="test_get_playlist_no_playlist_id" time="0.005" /><testcase classname="tests.unittests.test_legacy_playlist.LegacyPlaylistTestCase" name="test_get_playlist_no_valid_result" time="0.005" /><testcase classname="tests.unittests.test_legacy_playlist.LegacyPlaylistTestCase" name="test_update_playlist" time="0.005" /><testcase classname="tests.unittests.test_legacy_playlist.LegacyPlaylis
[...]
ame="test_create_service_account_token_by_id_no_valid_result" time="0.003" /><testcase classname="tests.unittests.test_service_account.ServiceAccountTestCase" name="test_delete_service_account" time="0.003" /><testcase classname="tests.unittests.test_service_account.ServiceAccountTestCase" name="test_delete_service_account_no_id" time="0.003" /><testcase classname="tests.unittests.test_service_account.ServiceAccountTestCase" name="test_delete_service_account_no_valid_result" time="0.004" /><testcase classname="tests.unittests.test_service_account.ServiceAccountTestCase" name="test_delete_service_account_token_by_id" time="0.003" /><testcase classname="tests.unittests.test_service_account.ServiceAccountTestCase" name="test_delete_service_account_token_by_id_no_id" time="0.003" /><testcase classname="tests.unittests.test_service_account.ServiceAccountTestCase" name="test_delete_service_account_token_by_id_no_valid_result" time="0.003" /><testcase classname="tests.unittests.test_service_account.ServiceAccountTestCase" name="test_get_service_account_by_id" time="0.003" /><testcase classname="tests.unittests.test_service_account.ServiceAccountTestCase" name="test_get_service_account_by_id_no_id" time="0.003" /><testcase classname="tests.unittests.test_service_account.ServiceAccountTestCase" name="test_get_service_account_by_id_no_valid_result" time="0.003" /><testcase classname="tests.unittests.test_service_account.ServiceAccountTestCase" name="test_get_service_account_migration_status" time="0.003" /><testcase classname="tests.unittests.test_service_account.ServiceAccountTestCase" name="test_get_service_account_migration_status_no_valid_result" time="0.003" /><testcase classname="tests.unittests.test_service_account.ServiceAccountTestCase" name="test_get_service_account_tokens_by_id" time="0.003" /><testcase classname="tests.unittests.test_service_account.ServiceAccountTestCase" name="test_get_service_account_tokens_by_id_no_id" time="0.003" /><testcase classname="tests.unittests.test_service_account.ServiceAccountTestCase" name="test_get_service_account_tokens_by_id_no_valid_result" time="0.003" /><testcase classname="tests.unittests.test_service_account.ServiceAccountTestCase" name="test_hide_the_api_keys_tab" time="0.004" /><testcase classname="tests.unittests.test_service_account.ServiceAccountTestCase" name="test_hide_the_api_keys_tab_internal_error" time="0.003" /><testcase classname="tests.unittests.test_service_account.ServiceAccountTestCase" name="test_migrate_api_key_to_service_account" time="0.002" /><testcase classname="tests.unittests.test_service_account.ServiceAccountTestCase" name="test_migrate_api_key_to_service_account_no_id" time="0.003" /><testcase classname="tests.unittests.test_service_account.ServiceAccountTestCase" name="test_migrate_api_key_to_service_account_no_valid_result" time="0.003" /><testcase classname="tests.unittests.test_service_account.ServiceAccountTestCase" name="test_migrate_api_keys_to_service_accounts" time="0.003" /><testcase classname="tests.unittests.test_service_account.ServiceAccountTestCase" name="test_migrate_api_keys_to_service_accounts_no_valid_result" time="0.003" /><testcase classname="tests.unittests.test_service_account.ServiceAccountTestCase" name="test_revert_service_account_token_api_key" time="0.003" /><testcase classname="tests.unittests.test_service_account.ServiceAccountTestCase" name="test_revert_service_account_token_api_key_no_id" time="0.003" /><testcase classname="tests.unittests.test_service_account.ServiceAccountTestCase" name="test_revert_service_account_token_api_key_no_valid_result" time="0.003" /><testcase classname="tests.unittests.test_service_account.ServiceAccountTestCase" name="test_search_service_account" time="0.003" /><testcase classname="tests.unittests.test_service_account.ServiceAccountTestCase" name="test_search_service_account_no_valid_result" time="0.003" /><testcase classname="tests.unittests.test_service_account.ServiceAccountTestCase" name="test_search_service_account_specify_query" time="0.003" /><testcase classname="tests.unittests.test_service_account.ServiceAccountTestCase" name="test_update_service_account" time="0.003" /><testcase classname="tests.unittests.test_service_account.ServiceAccountTestCase" name="test_update_service_account_no_id" time="0.003" /><testcase classname="tests.unittests.test_service_account.ServiceAccountTestCase" name="test_update_service_account_no_valid_result" time="0.003" /><testcase classname="tests.unittests.test_short_url.ShortUrlTestCase" name="test_create_short_url" time="0.003" /><testcase classname="tests.unittests.test_short_url.ShortUrlTestCase" name="test_create_short_url_invalid_output" time="0.003" /><testcase classname="tests.unittests.test_short_url.ShortUrlTestCase" name="test_create_short_url_invalid_path" time="0.003" /><testcase classname="tests.unittests.test_snapshot.SnapshotTestCase" name="test_create_new_snapshot" time="0.005" /><testcase classname="tests.unittests.test_snapshot.SnapshotTestCase" name="test_create_new_snapshot__external_no_delete_key" time="0.003" /><testcase classname="tests.unittests.test_snapshot.SnapshotTestCase" name="test_create_new_snapshot_external_support" time="0.004" /><testcase classname="tests.unittests.test_snapshot.SnapshotTestCase" name="test_create_new_snapshot_no_dashboard_json" time="0.003" /><testcase classname="tests.unittests.test_snapshot.SnapshotTestCase" name="test_create_new_snapshot_no_snapshot_available" time="0.003" /><testcase classname="tests.unittests.test_snapshot.SnapshotTestCase" name="test_delete_snapshot_by_delete_key" time="0.003" /><testcase classname="tests.unittests.test_snapshot.SnapshotTestCase" name="test_delete_snapshot_by_delete_key_no_delete_key" time="0.003" /><testcase classname="tests.unittests.test_snapshot.SnapshotTestCase" name="test_delete_snapshot_by_delete_key_no_deletion_possible" time="0.004" /><testcase classname="tests.unittests.test_snapshot.SnapshotTestCase" name="test_delete_snapshot_by_key" time="0.004" /><testcase classname="tests.unittests.test_snapshot.SnapshotTestCase" name="test_delete_snapshot_by_key_no_deletion_possible" time="0.004" /><testcase classname="tests.unittests.test_snapshot.SnapshotTestCase" name="test_delete_snapshot_by_key_no_key" time="0.004" /><testcase classname="tests.unittests.test_snapshot.SnapshotTestCase" name="test_get_snapshot_by_key" time="0.004" /><testcase classname="tests.unittests.test_snapshot.SnapshotTestCase" name="test_get_snapshot_by_key_no_key" time="0.004" /><testcase classname="tests.unittests.test_snapshot.SnapshotTestCase" name="test_get_snapshot_by_key_no_snapshot_available" time="0.003" /><testcase classname="tests.unittests.test_snapshot.SnapshotTestCase" name="test_get_snapshots" time="0.003" /><testcase classname="tests.unittests.test_snapshot.SnapshotTestCase" name="test_get_snapshots_no_snapshots_available" time="0.004" /><testcase classname="tests.unittests.test_sso_settings.SSOSettingsTestCase" name="test_delete_sso_settings" time="0.004" /><testcase classname="tests.unittests.test_sso_settings.SSOSettingsTestCase" name="test_delete_sso_settings_bad_request" time="0.004" /><testcase classname="tests.unittests.test_sso_settings.SSOSettingsTestCase" name="test_delete_sso_settings_error" time="0.004" /><testcase classname="tests.unittests.test_sso_settings.SSOSettingsTestCase" name="test_delete_sso_settings_no_provider" time="0.003" /><testcase classname="tests.unittests.test_sso_settings.SSOSettingsTestCase" name="test_get_sso_settings" time="0.004" /><testcase classname="tests.unittests.test_sso_settings.SSOSettingsTestCase" name="test_get_sso_settings_bad_request" time="0.005" /><testcase classname="tests.unittests.test_sso_settings.SSOSettingsTestCase" name="test_get_sso_settings_by_provider" time="0.003" /><testcase classname="tests.unittests.test_sso_settings.SSOSettingsTestCase" name="test_get_sso_settings_by_provider_bad_request" time="0.004" /><testcase classname="tests.unittests.test_sso_settings.SSOSettingsTestCase" name="test_get_sso_settings_by_provider_error" time="0.004" /><testcase classname="tests.unittests.test_sso_settings.SSOSettingsTestCase" name="test_get_sso_settings_by_provider_no_provider" time="0.003" /><testcase classname="tests.unittests.test_sso_settings.SSOSettingsTestCase" name="test_get_sso_settings_error" time="0.004" /><testcase classname="tests.unittests.test_sso_settings.SSOSettingsTestCase" name="test_update_sso_settings" time="0.004" /><testcase classname="tests.unittests.test_sso_settings.SSOSettingsTestCase" name="test_update_sso_settings_bad_request" time="0.003" /><testcase classname="tests.unittests.test_sso_settings.SSOSettingsTestCase" name="test_update_sso_settings_error" time="0.004" /><testcase classname="tests.unittests.test_sso_settings.SSOSettingsTestCase" name="test_update_sso_settings_no_provider" time="0.003" /><testcase classname="tests.unittests.test_team.TeamTestCase" name="test_add_external_group" time="0.003" /><testcase classname="tests.unittests.test_team.TeamTestCase" name="test_add_external_group_error" time="0.005" /><testcase classname="tests.unittests.test_team.TeamTestCase" name="test_add_external_group_no_team_id" time="0.004" /><testcase classname="tests.unittests.test_team.TeamTestCase" name="test_add_external_group_no_valid_result" time="0.004" /><testcase classname="tests.unittests.test_team.TeamTestCase" name="test_add_team" time="0.003" /><testcase classname="tests.unittests.test_team.TeamTestCase" name="test_add_team_add_not_possible" time="0.004" /><testcase classname="tests.unittests.test_team.TeamTestCase" name="test_add_team_member" time="0.004" /><testcase classname="tests.unittests.test_team.TeamTestCase" name="test_add_team_member_add_not_possible" time="0.004" /><testcase classname="tests.unittests.test_team.TeamTestCase" name="test_add_team_member_no_id" time="0.004" /><testcase classname="tests.unittests.test_team.TeamTestCase" name="test_add_team_no_team" time="0.004" /><testcase classname="tests.unittests.test_team.TeamTestCase" name="test_delete_team_by_id" time="0.004" /><testcase classname="tests.unittests.test_team.TeamTestCase" name="test_delete_team_by_id_delete_not_possible" time="0.004" /><testcase classname="tests.unittests.test_team.TeamTestCase" name="test_delete_team_by_id_no_id" time="0.004" /><testcase classname="tests.unittests.test_team.TeamTestCase" name="test_delete_team_member" time="0.004" /><testcase classname="tests.unittests.test_team.TeamTestCase" name="test_delete_team_member_deletion_not_possible" time="0.005" /><testcase classname="tests.unittests.test_team.TeamTestCase" name="test_delete_team_member_no_id" time="0.004" /><testcase classname="tests.unittests.test_team.TeamTestCase" name="test_get_external_groups" time="0.005" /><testcase classname="tests.unittests.test_team.TeamTestCase" name="test_get_external_groups_no_team_id" time="0.004" /><testcase classname="tests.unittests.test_team.TeamTestCase" name="test_get_external_groups_no_valid_result" time="0.004" /><testcase classname="tests.unittests.test_team.TeamTestCase" name="test_get_team_by_id" time="0.004" /><testcase classname="tests.unittests.test_team.TeamTestCase" name="test_get_team_by_id_no_id" time="0.004" /><testcase classname="tests.unittests.test_team.TeamTestCase" name="test_get_team_by_id_no_team" time="0.004" /><testcase classname="tests.unittests.test_team.TeamTestCase" name="test_get_team_members" time="0.004" /><testcase classname="tests.unittests.test_team.TeamTestCase" name="test_get_team_members_no_id" time="0.004" /><testcase classname="tests.unittests.test_team.TeamTestCase" name="test_get_team_members_no_team_members" time="0.004" /><testcase classname="tests.unittests.test_team.TeamTestCase" name="test_get_team_preferences" time="0.003" /><testcase classname="tests.unittests.test_team.TeamTestCase" name="test_get_team_preferences_no_id" time="0.004" /><testcase classname="tests.unittests.test_team.TeamTestCase" name="test_get_team_preferences_no_preferences_available" time="0.004" /><testcase classname="tests.unittests.test_team.TeamTestCase" name="test_remove_external_group" time="0.004" /><testcase classname="tests.unittests.test_team.TeamTestCase" name="test_remove_external_group_error" time="0.003" /><testcase classname="tests.unittests.test_team.TeamTestCase" name="test_remove_external_group_no_team_id" time="0.003" /><testcase classname="tests.unittests.test_team.TeamTestCase" name="test_remove_external_group_no_valid_result" time="0.003" /><testcase classname="tests.unittests.test_team.TeamTestCase" name="test_search_team" time="0.004" /><testcase classname="tests.unittests.test_team.TeamTestCase" name="test_search_team_no_team" time="0.004" /><testcase classname="tests.unittests.test_team.TeamTestCase" name="test_search_team_query" time="0.003" /><testcase classname="tests.unittests.test_team.TeamTestCase" name="test_update_team" time="0.002" /><testcase classname="tests.unittests.test_team.TeamTestCase" name="test_update_team_no_id" time="0.003" /><testcase classname="tests.unittests.test_team.TeamTestCase" name="test_update_team_preferences" time="0.003" /><testcase classname="tests.unittests.test_team.TeamTestCase" name="test_update_team_preferences_home_dashboard_uid" time="0.003" /><testcase classname="tests.unittests.test_team.TeamTestCase" name="test_update_team_preferences_no_id" time="0.005" /><testcase classname="tests.unittests.test_team.TeamTestCase" name="test_update_team_preferences_only_theme_update" time="0.003" /><testcase classname="tests.unittests.test_team.TeamTestCase" name="test_update_team_preferences_update_not_possible" time="0.004" /><testcase classname="tests.unittests.test_team.TeamTestCase" name="test_update_team_update_not_possible" time="0.003" /><testcase classname="tests.unittests.test_user.UserTestCase" name="test_get_user_by_id" time="0.004" /><testcase classname="tests.unittests.test_user.UserTestCase" name="test_get_user_by_id_no_id" time="0.004" /><testcase classname="tests.unittests.test_user.UserTestCase" name="test_get_user_by_id_no_user" time="0.004" /><testcase classname="tests.unittests.test_user.UserTestCase" name="test_get_user_by_username_or_email" time="0.004" /><testcase classname="tests.unittests.test_user.UserTestCase" name="test_get_user_by_username_or_email_no_user" time="0.003" /><testcase classname="tests.unittests.test_user.UserTestCase" name="test_get_user_by_username_or_email_no_username_or_email" time="0.003" /><testcase classname="tests.unittests.test_user.UserTestCase" name="test_get_user_organizations" time="0.004" /><testcase classname="tests.unittests.test_user.UserTestCase" name="test_get_user_organizations_no_id" time="0.004" /><testcase classname="tests.unittests.test_user.UserTestCase" name="test_get_user_organizations_no_orgs" time="0.004" /><testcase classname="tests.unittests.test_user.UserTestCase" name="test_get_user_teams" time="0.003" /><testcase classname="tests.unittests.test_user.UserTestCase" name="test_get_user_teams_invalid_teams" time="0.003" /><testcase classname="tests.unittests.test_user.UserTestCase" name="test_get_user_teams_no_id" time="0.004" /><testcase classname="tests.unittests.test_user.UserTestCase" name="test_get_user_teams_no_teams" time="0.004" /><testcase classname="tests.unittests.test_user.UserTestCase" name="test_search_users" time="0.003" /><testcase classname="tests.unittests.test_user.UserTestCase" name="test_search_users_no_users" time="0.004" /><testcase classname="tests.unittests.test_user.UserTestCase" name="test_search_users_sort" time="0.003" /><testcase classname="tests.unittests.test_user.UserTestCase" name="test_search_users_with_paging" time="0.004" /><testcase classname="tests.unittests.test_user.UserTestCase" name="test_search_users_with_paging_no_users" time="0.003" /><testcase classname="tests.unittests.test_user.UserTestCase" name="test_search_users_with_paging_query" time="0.003" /><testcase classname="tests.unittests.test_user.UserTestCase" name="test_search_users_with_paging_sort" time="0.004" /><testcase classname="tests.unittests.test_user.UserTestCase" name="test_switch_specific_user_context" time="0.003" /><testcase classname="tests.unittests.test_user.UserTestCase" name="test_switch_specific_user_context_no_userid" time="0.003" /><testcase classname="tests.unittests.test_user.UserTestCase" name="test_switch_specific_user_context_switch_not_possible" time="0.003" /><testcase classname="tests.unittests.test_user.UserTestCase" name="test_update_user" time="0.003" /><testcase classname="tests.unittests.test_user.UserTestCase" name="test_update_user_no_id" time="0.003" /><testcase classname="tests.unittests.test_user.UserTestCase" name="test_update_user_update_not_possible" time="0.003" /><testcase classname="tests.unittests.test_user.CurrentUserTestCase" name="test_get_auth_tokens" time="0.003" /><testcase classname="tests.unittests.test_user.CurrentUserTestCase" name="test_get_auth_tokens_no_tokens" time="0.003" /><testcase classname="tests.unittests.test_user.CurrentUserTestCase" name="test_get_user" time="0.003" /><testcase classname="tests.unittests.test_user.CurrentUserTestCase" name="test_get_user_no_user" time="0.004" /><testcase classname="tests.unittests.test_user.CurrentUserTestCase" name="test_get_user_organizations" time="0.004" /><testcase classname="tests.unittests.test_user.CurrentUserTestCase" name="test_get_user_organizations_no_orgs" time="0.003" /><testcase classname="tests.unittests.test_user.CurrentUserTestCase" name="test_get_user_teams" time="0.003" /><testcase classname="tests.unittests.test_user.CurrentUserTestCase" name="test_get_user_teams_invalid_teams" time="0.003" /><testcase classname="tests.unittests.test_user.CurrentUserTestCase" name="test_get_user_teams_no_teams" time="0.002" /><testcase classname="tests.unittests.test_user.CurrentUserTestCase" name="test_revoke_auth_token" time="0.003" /><testcase classname="tests.unittests.test_user.CurrentUserTestCase" name="test_revoke_auth_token_no_auth_token_id" time="0.004" /><testcase classname="tests.unittests.test_user.CurrentUserTestCase" name="test_revoke_auth_token_not_possible" time="0.003" /><testcase classname="tests.unittests.test_user.CurrentUserTestCase" name="test_star_a_dashboard" time="0.004" /><testcase classname="tests.unittests.test_user.CurrentUserTestCase" name="test_star_a_dashboard_no_dashboard_id" time="0.003" /><testcase classname="tests.unittests.test_user.CurrentUserTestCase" name="test_star_a_dashboard_not_possible" time="0.004" /><testcase classname="tests.unittests.test_user.CurrentUserTestCase" name="test_star_a_dashboard_uid_only" time="0.003" /><testcase classname="tests.unittests.test_user.CurrentUserTestCase" name="test_switch_current_user_context" time="0.003" /><testcase classname="tests.unittests.test_user.CurrentUserTestCase" name="test_switch_current_user_context_no_org_id" time="0.004" /><testcase classname="tests.unittests.test_user.CurrentUserTestCase" name="test_switch_current_user_context_switch_not_possible" time="0.003" /><testcase classname="tests.unittests.test_user.CurrentUserTestCase" name="test_unstar_a_dashboard" time="0.003" /><testcase classname="tests.unittests.test_user.CurrentUserTestCase" name="test_unstar_a_dashboard_no_dashboard_id" time="0.004" /><testcase classname="tests.unittests.test_user.CurrentUserTestCase" name="test_unstar_a_dashboard_not_possible" time="0.003" /><testcase classname="tests.unittests.test_user.CurrentUserTestCase" name="test_unstar_a_dashboard_uid_only" time="0.004" /><testcase classname="tests.unittests.test_user.CurrentUserTestCase" name="test_update_password" time="0.003" /><testcase classname="tests.unittests.test_user.CurrentUserTestCase" name="test_update_password_no_old_password" time="0.003" /><testcase classname="tests.unittests.test_user.CurrentUserTestCase" name="test_update_password_password_update_not_possible" time="0.003" /></testsuite></testsuites>